<?xml version="1.0" encoding="UTF-8" ?>
<testsuite tests="13" failures="0" name="com.bank.bankManagement.TestCases" time="9.2" errors="0" skipped="0">
  <properties>
[...]
</properties>
  <testcase classname="com.bank.bankManagement.TestCases" name="employee2" time="0.177"/>
  <testcase classname="com.bank.bankManagement.TestCases" name="employee3" time="0"/>
  <testcase classname="com.bank.bankManagement.TestCases" name="employee6" time="0"/>
  <testcase classname="com.bank.bankManagement.TestCases" name="testTransactionDetails" time="6.073"/>
  <testcase classname="com.bank.bankManagement.TestCases" name="testwithdraw" time="0.91"/>
  <testcase classname="com.bank.bankManagement.TestCases" name="testExistingCustomer" time="0.017"/>
  <testcase classname="com.bank.bankManagement.TestCases" name="testDeposit" time="0.687"/>
  <testcase classname="com.bank.bankManagement.TestCases" name="employee" time="0"/>
  <testcase classname="com.bank.bankManagement.TestCases" name="testNewCustomer" time="0.015"/>
  <testcase classname="com.bank.bankManagement.TestCases" name="testCustomer" time="0"/>
  <testcase classname="com.bank.bankManagement.TestCases" name="testTransaction" time="0.894"/>
  <testcase classname="com.bank.bankManagement.TestCases" name="testTransfer" time="0.422"/>
  <testcase classname="com.bank.bankManagement.TestCases" name="testGetCustomer" time="0.005"/>
</testsuite>